2019-10-25 08:05:45.584  INFO 18672 --- [restartedMain] c.a.p.a.a.PhotoAppApiAlbumsApplication   : No active profile set, falling back to default profiles: default
2019-10-25 08:05:46.451  WARN 18672 --- [restartedMain] o.s.boot.actuate.endpoint.EndpointId     : Endpoint ID 'service-registry' contains invalid characters, please migrate to a valid format.
2019-10-25 08:05:46.594  INFO 18672 --- [restartedMain] o.s.cloud.context.scope.GenericScope     : BeanFactory id=fce5687c-8caa-3de7-86f9-d6b89e9c58f8
2019-10-25 08:05:46.659  INFO 18672 --- [restartedMain] trationDelegate$BeanPostProcessorChecker : Bean 'org.springframework.cloud.autoconfigure.ConfigurationPropertiesRebinderAutoConfiguration' of type [org.springframework.cloud.autoconfigure.ConfigurationPropertiesRebinderAutoConfiguration$$EnhancerBySpringCGLIB$$c45643b8] is not eligible for getting processed by all BeanPostProcessors (for example: not eligible for auto-proxying)
2019-10-25 08:05:47.247  INFO 18672 --- [restartedMain] o.s.b.w.embedded.tomcat.TomcatWebServer  : Tomcat initialized with port(s): 0 (http)
2019-10-25 08:05:47.274  INFO 18672 --- [restartedMain] o.apache.catalina.core.StandardService   : Starting service [Tomcat]
2019-10-25 08:05:47.274  INFO 18672 --- [restartedMain] org.apache.catalina.core.StandardEngine  : Starting Servlet engine: [Apache Tomcat/9.0.14]
2019-10-25 08:05:47.281  INFO 18672 --- [restartedMain] o.a.catalina.core.AprLifecycleListener   : The APR based Apache Tomcat Native library which allows optimal performance in production environments was not found on the java.library.path: [C:\Users\vallep\AppData\Local\JetBrains\Toolbox\apps\IDEA-U\ch-0\192.6817.14\jbr\bin;C:\WINDOWS\Sun\Java\bin;C:\WINDOWS\system32;C:\WINDOWS;C:\Program Files (x86)\Intel\Intel(R) Management Engine Components\iCLS\;C:\Program Files\Intel\Intel(R) Management Engine Components\iCLS\;C:\windows\system32;C:\windows;C:\windows\System32\Wbem;C:\windows\System32\WindowsPowerShell\v1.0\;C:\Program Files (x86)\NVIDIA Corporation\PhysX\Common;C:\WINDOWS\system32;C:\WINDOWS;C:\WINDOWS\System32\Wbem;C:\WINDOWS\System32\WindowsPowerShell\v1.0\;C:\Program Files\Git\cmd;C:\Program Files\MySQL\MySQL Server 5.7\bin;C:\WINDOWS\System32\OpenSSH\;C:\Program Files (x86)\Intel\Intel(R) Management Engine Components\DAL;C:\Program Files\Intel\Intel(R) Management Engine Components\DAL;C:\Program Files (x86)\Intel\Intel(R) Management Engine Components\IPT;C:\Program Files\Intel\Intel(R) Management Engine Components\IPT;C:\Python37-32\Scripts;C:\nodejs-10-15\;C:\Program Files\Intel\WiFi\bin\;C:\Program Files\Common Files\Intel\WirelessCommon\;C:\Users\vallep\AppData\Local\Microsoft\WindowsApps;C:\Program Files\Intel\WiFi\bin\;C:\Program Files\Common Files\Intel\WirelessCommon\;C:\Program Files\JetBrains\DataGrip 2018.3\bin;;C:\Users\vallep\AppData\Roaming\npm;;.]
2019-10-25 08:05:47.398  INFO 18672 --- [restartedMain] o.a.c.c.C.[Tomcat].[localhost].[/]       : Initializing Spring embedded WebApplicationContext
2019-10-25 08:05:47.398  INFO 18672 --- [restartedMain] o.s.web.context.ContextLoader            : Root WebApplicationContext: initialization completed in 1794 ms
2019-10-25 08:05:47.469  WARN 18672 --- [restartedMain] c.n.c.sources.URLConfigurationSource     : No URLs will be polled as dynamic configuration sources.
2019-10-25 08:05:47.469  INFO 18672 --- [restartedMain] c.n.c.sources.URLConfigurationSource     : To enable URLs as dynamic configuration sources, define System property archaius.configurationSource.additionalUrls or make config.properties available on classpath.
2019-10-25 08:05:47.476  INFO 18672 --- [restartedMain] c.netflix.config.DynamicPropertyFactory  : DynamicPropertyFactory is initialized with configuration sources: com.netflix.config.ConcurrentCompositeConfiguration@5cb835d
2019-10-25 08:05:48.114  WARN 18672 --- [restartedMain] c.n.c.sources.URLConfigurationSource     : No URLs will be polled as dynamic configuration sources.
2019-10-25 08:05:48.115  INFO 18672 --- [restartedMain] c.n.c.sources.URLConfigurationSource     : To enable URLs as dynamic configuration sources, define System property archaius.configurationSource.additionalUrls or make config.properties available on classpath.
2019-10-25 08:05:48.296  INFO 18672 --- [restartedMain] o.s.s.concurrent.ThreadPoolTaskExecutor  : Initializing ExecutorService 'applicationTaskExecutor'
2019-10-25 08:05:48.571  WARN 18672 --- [restartedMain] o.s.b.d.a.OptionalLiveReloadServer       : Unable to start LiveReload server
2019-10-25 08:05:48.882  INFO 18672 --- [restartedMain] o.s.b.a.e.web.EndpointLinksResolver      : Exposing 2 endpoint(s) beneath base path '/actuator'
2019-10-25 08:05:48.971  INFO 18672 --- [restartedMain] o.s.b.w.embedded.tomcat.TomcatWebServer  : Tomcat started on port(s): 60258 (http) with context path ''
2019-10-25 08:05:48.974  INFO 18672 --- [restartedMain] .s.c.n.e.s.EurekaAutoServiceRegistration : Updating port to 60258
2019-10-25 08:05:48.978  INFO 18672 --- [restartedMain] o.s.c.n.eureka.InstanceInfoFactory       : Setting initial instance status as: STARTING
2019-10-25 08:05:49.003  INFO 18672 --- [restartedMain] com.netflix.discovery.DiscoveryClient    : Initializing Eureka in region us-east-1
2019-10-25 08:05:49.123  INFO 18672 --- [restartedMain] c.n.d.provider.DiscoveryJerseyProvider   : Using JSON encoding codec LegacyJacksonJson
2019-10-25 08:05:49.123  INFO 18672 --- [restartedMain] c.n.d.provider.DiscoveryJerseyProvider   : Using JSON decoding codec LegacyJacksonJson
2019-10-25 08:05:49.236  INFO 18672 --- [restartedMain] c.n.d.provider.DiscoveryJerseyProvider   : Using XML encoding codec XStreamXml
2019-10-25 08:05:49.236  INFO 18672 --- [restartedMain] c.n.d.provider.DiscoveryJerseyProvider   : Using XML decoding codec XStreamXml
2019-10-25 08:05:49.342  INFO 18672 --- [restartedMain] c.n.d.s.r.aws.ConfigClusterResolver      : Resolving eureka endpoints via configuration
2019-10-25 08:05:49.540  INFO 18672 --- [restartedMain] com.netflix.discovery.DiscoveryClient    : Disable delta property : false
2019-10-25 08:05:49.544  INFO 18672 --- [restartedMain] com.netflix.discovery.DiscoveryClient    : Single vip registry refresh property : null
2019-10-25 08:05:49.544  INFO 18672 --- [restartedMain] com.netflix.discovery.DiscoveryClient    : Force full registry fetch : false
2019-10-25 08:05:49.544  INFO 18672 --- [restartedMain] com.netflix.discovery.DiscoveryClient    : Application is null : false
2019-10-25 08:05:49.544  INFO 18672 --- [restartedMain] com.netflix.discovery.DiscoveryClient    : Registered Applications size is zero : true
2019-10-25 08:05:49.544  INFO 18672 --- [restartedMain] com.netflix.discovery.DiscoveryClient    : Application version is -1: true
2019-10-25 08:05:49.544  INFO 18672 --- [restartedMain] com.netflix.discovery.DiscoveryClient    : Getting all instance registry info from the eureka server
2019-10-25 08:05:49.694  INFO 18672 --- [restartedMain] com.netflix.discovery.DiscoveryClient    : The response status is 200
2019-10-25 08:05:49.695  INFO 18672 --- [restartedMain] com.netflix.discovery.DiscoveryClient    : Starting heartbeat executor: renew interval is: 30
2019-10-25 08:05:49.698  INFO 18672 --- [restartedMain] c.n.discovery.InstanceInfoReplicator     : InstanceInfoReplicator onDemand update allowed rate per min is 4
2019-10-25 08:05:49.700  INFO 18672 --- [restartedMain] com.netflix.discovery.DiscoveryClient    : Discovery Client initialized at timestamp 1571987149700 with initial instances count: 1
2019-10-25 08:05:49.702  INFO 18672 --- [restartedMain] o.s.c.n.e.s.EurekaServiceRegistry        : Registering application ALBUMS-WS with eureka with status UP
2019-10-25 08:05:49.702  INFO 18672 --- [restartedMain] com.netflix.discovery.DiscoveryClient    : Saw local status change event StatusChangeEvent [timestamp=1571987149702, current=UP, previous=STARTING]
2019-10-25 08:05:49.705  INFO 18672 --- [DiscoveryClient-InstanceInfoReplicator-0] com.netflix.discovery.DiscoveryClient    : DiscoveryClient_ALBUMS-WS/albums-ws:aa724046a539f8ab1bd604d978b85f26: registering service...
2019-10-25 08:05:49.708  INFO 18672 --- [restartedMain] c.a.p.a.a.PhotoAppApiAlbumsApplication   : Started PhotoAppApiAlbumsApplication in 5.566 seconds (JVM running for 7.672)
2019-10-25 08:05:49.742  INFO 18672 --- [DiscoveryClient-InstanceInfoReplicator-0] com.netflix.discovery.DiscoveryClient    : DiscoveryClient_ALBUMS-WS/albums-ws:aa724046a539f8ab1bd604d978b85f26 - registration status: 204
2019-10-25 08:05:50.020  INFO 18672 --- [RMI TCP Connection(3)-10.23.22.118] o.a.c.c.C.[Tomcat].[localhost].[/]       : Initializing Spring DispatcherServlet 'dispatcherServlet'
2019-10-25 08:05:50.020  INFO 18672 --- [RMI TCP Connection(3)-10.23.22.118] o.s.web.servlet.DispatcherServlet        : Initializing Servlet 'dispatcherServlet'
2019-10-25 08:05:50.028  INFO 18672 --- [RMI TCP Connection(3)-10.23.22.118] o.s.web.servlet.DispatcherServlet        : Completed initialization in 7 ms
2019-10-25 08:07:38.601  INFO 18672 --- [http-nio-auto-1-exec-2] c.a.p.a.a.i.c.AlbumsController           : Returning 2 albums
2019-10-25 08:10:49.550  INFO 18672 --- [AsyncResolver-bootstrap-executor-0] c.n.d.s.r.aws.ConfigClusterResolver      : Resolving eureka endpoints via configuration
2019-10-25 08:15:49.554  INFO 18672 --- [AsyncResolver-bootstrap-executor-0] c.n.d.s.r.aws.ConfigClusterResolver      : Resolving eureka endpoints via configuration
2019-10-25 13:03:24.174  INFO 19052 --- [restartedMain] c.a.p.a.a.PhotoAppApiAlbumsApplication   : No active profile set, falling back to default profiles: default
2019-10-25 13:03:25.017  WARN 19052 --- [restartedMain] o.s.boot.actuate.endpoint.EndpointId     : Endpoint ID 'service-registry' contains invalid characters, please migrate to a valid format.
2019-10-25 13:03:25.146  INFO 19052 --- [restartedMain] o.s.cloud.context.scope.GenericScope     : BeanFactory id=fce5687c-8caa-3de7-86f9-d6b89e9c58f8
2019-10-25 13:03:25.207  INFO 19052 --- [restartedMain] trationDelegate$BeanPostProcessorChecker : Bean 'org.springframework.cloud.autoconfigure.ConfigurationPropertiesRebinderAutoConfiguration' of type [org.springframework.cloud.autoconfigure.ConfigurationPropertiesRebinderAutoConfiguration$$EnhancerBySpringCGLIB$$b45fbb10] is not eligible for getting processed by all BeanPostProcessors (for example: not eligible for auto-proxying)
2019-10-25 13:03:25.758  INFO 19052 --- [restartedMain] o.s.b.w.embedded.tomcat.TomcatWebServer  : Tomcat initialized with port(s): 0 (http)
2019-10-25 13:03:25.780  INFO 19052 --- [restartedMain] o.apache.catalina.core.StandardService   : Starting service [Tomcat]
2019-10-25 13:03:25.784  INFO 19052 --- [restartedMain] org.apache.catalina.core.StandardEngine  : Starting Servlet engine: [Apache Tomcat/9.0.14]
2019-10-25 13:03:25.790  INFO 19052 --- [restartedMain] o.a.catalina.core.AprLifecycleListener   : The APR based Apache Tomcat Native library which allows optimal performance in production environments was not found on the java.library.path: [C:\Users\vallep\AppData\Local\JetBrains\Toolbox\apps\IDEA-U\ch-0\192.6817.14\jbr\bin;C:\WINDOWS\Sun\Java\bin;C:\WINDOWS\system32;C:\WINDOWS;C:\Program Files (x86)\Intel\Intel(R) Management Engine Components\iCLS\;C:\Program Files\Intel\Intel(R) Management Engine Components\iCLS\;C:\windows\system32;C:\windows;C:\windows\System32\Wbem;C:\windows\System32\WindowsPowerShell\v1.0\;C:\Program Files (x86)\NVIDIA Corporation\PhysX\Common;C:\WINDOWS\system32;C:\WINDOWS;C:\WINDOWS\System32\Wbem;C:\WINDOWS\System32\WindowsPowerShell\v1.0\;C:\Program Files\Git\cmd;C:\Program Files\MySQL\MySQL Server 5.7\bin;C:\WINDOWS\System32\OpenSSH\;C:\Program Files (x86)\Intel\Intel(R) Management Engine Components\DAL;C:\Program Files\Intel\Intel(R) Management Engine Components\DAL;C:\Program Files (x86)\Intel\Intel(R) Management Engine Components\IPT;C:\Program Files\Intel\Intel(R) Management Engine Components\IPT;C:\Python37-32\Scripts;C:\nodejs-10-15\;C:\Program Files\Intel\WiFi\bin\;C:\Program Files\Common Files\Intel\WirelessCommon\;C:\Users\vallep\AppData\Local\Microsoft\WindowsApps;C:\Program Files\Intel\WiFi\bin\;C:\Program Files\Common Files\Intel\WirelessCommon\;C:\Program Files\JetBrains\DataGrip 2018.3\bin;;C:\Users\vallep\AppData\Roaming\npm;;.]
2019-10-25 13:03:25.907  INFO 19052 --- [restartedMain] o.a.c.c.C.[Tomcat].[localhost].[/]       : Initializing Spring embedded WebApplicationContext
2019-10-25 13:03:25.907  INFO 19052 --- [restartedMain] o.s.web.context.ContextLoader            : Root WebApplicationContext: initialization completed in 1719 ms
2019-10-25 13:03:26.004  WARN 19052 --- [restartedMain] c.n.c.sources.URLConfigurationSource     : No URLs will be polled as dynamic configuration sources.
2019-10-25 13:03:26.004  INFO 19052 --- [restartedMain] c.n.c.sources.URLConfigurationSource     : To enable URLs as dynamic configuration sources, define System property archaius.configurationSource.additionalUrls or make config.properties available on classpath.
2019-10-25 13:03:26.012  INFO 19052 --- [restartedMain] c.netflix.config.DynamicPropertyFactory  : DynamicPropertyFactory is initialized with configuration sources: com.netflix.config.ConcurrentCompositeConfiguration@1058d62f
2019-10-25 13:03:26.615  WARN 19052 --- [restartedMain] c.n.c.sources.URLConfigurationSource     : No URLs will be polled as dynamic configuration sources.
2019-10-25 13:03:26.615  INFO 19052 --- [restartedMain] c.n.c.sources.URLConfigurationSource     : To enable URLs as dynamic configuration sources, define System property archaius.configurationSource.additionalUrls or make config.properties available on classpath.
2019-10-25 13:03:26.774  INFO 19052 --- [restartedMain] o.s.s.concurrent.ThreadPoolTaskExecutor  : Initializing ExecutorService 'applicationTaskExecutor'
2019-10-25 13:03:27.018  WARN 19052 --- [restartedMain] o.s.b.d.a.OptionalLiveReloadServer       : Unable to start LiveReload server
2019-10-25 13:03:27.359  INFO 19052 --- [restartedMain] o.s.b.a.e.web.EndpointLinksResolver      : Exposing 2 endpoint(s) beneath base path '/actuator'
2019-10-25 13:03:27.450  INFO 19052 --- [restartedMain] o.s.b.w.embedded.tomcat.TomcatWebServer  : Tomcat started on port(s): 61175 (http) with context path ''
2019-10-25 13:03:27.453  INFO 19052 --- [restartedMain] .s.c.n.e.s.EurekaAutoServiceRegistration : Updating port to 61175
2019-10-25 13:03:27.457  INFO 19052 --- [restartedMain] o.s.c.n.eureka.InstanceInfoFactory       : Setting initial instance status as: STARTING
2019-10-25 13:03:27.479  INFO 19052 --- [restartedMain] com.netflix.discovery.DiscoveryClient    : Initializing Eureka in region us-east-1
2019-10-25 13:03:27.618  INFO 19052 --- [restartedMain] c.n.d.provider.DiscoveryJerseyProvider   : Using JSON encoding codec LegacyJacksonJson
2019-10-25 13:03:27.618  INFO 19052 --- [restartedMain] c.n.d.provider.DiscoveryJerseyProvider   : Using JSON decoding codec LegacyJacksonJson
2019-10-25 13:03:27.758  INFO 19052 --- [restartedMain] c.n.d.provider.DiscoveryJerseyProvider   : Using XML encoding codec XStreamXml
2019-10-25 13:03:27.758  INFO 19052 --- [restartedMain] c.n.d.provider.DiscoveryJerseyProvider   : Using XML decoding codec XStreamXml
2019-10-25 13:03:27.879  INFO 19052 --- [restartedMain] c.n.d.s.r.aws.ConfigClusterResolver      : Resolving eureka endpoints via configuration
2019-10-25 13:03:28.042  INFO 19052 --- [restartedMain] com.netflix.discovery.DiscoveryClient    : Disable delta property : false
2019-10-25 13:03:28.042  INFO 19052 --- [restartedMain] com.netflix.discovery.DiscoveryClient    : Single vip registry refresh property : null
2019-10-25 13:03:28.042  INFO 19052 --- [restartedMain] com.netflix.discovery.DiscoveryClient    : Force full registry fetch : false
2019-10-25 13:03:28.042  INFO 19052 --- [restartedMain] com.netflix.discovery.DiscoveryClient    : Application is null : false
2019-10-25 13:03:28.042  INFO 19052 --- [restartedMain] com.netflix.discovery.DiscoveryClient    : Registered Applications size is zero : true
2019-10-25 13:03:28.048  INFO 19052 --- [restartedMain] com.netflix.discovery.DiscoveryClient    : Application version is -1: true
2019-10-25 13:03:28.048  INFO 19052 --- [restartedMain] com.netflix.discovery.DiscoveryClient    : Getting all instance registry info from the eureka server
2019-10-25 13:03:28.184  INFO 19052 --- [restartedMain] com.netflix.discovery.DiscoveryClient    : The response status is 200
2019-10-25 13:03:28.184  INFO 19052 --- [restartedMain] com.netflix.discovery.DiscoveryClient    : Starting heartbeat executor: renew interval is: 30
2019-10-25 13:03:28.188  INFO 19052 --- [restartedMain] c.n.discovery.InstanceInfoReplicator     : InstanceInfoReplicator onDemand update allowed rate per min is 4
2019-10-25 13:03:28.191  INFO 19052 --- [restartedMain] com.netflix.discovery.DiscoveryClient    : Discovery Client initialized at timestamp 1572005008191 with initial instances count: 1
2019-10-25 13:03:28.192  INFO 19052 --- [restartedMain] o.s.c.n.e.s.EurekaServiceRegistry        : Registering application ALBUMS-WS with eureka with status UP
2019-10-25 13:03:28.193  INFO 19052 --- [restartedMain] com.netflix.discovery.DiscoveryClient    : Saw local status change event StatusChangeEvent [timestamp=1572005008193, current=UP, previous=STARTING]
2019-10-25 13:03:28.195  INFO 19052 --- [DiscoveryClient-InstanceInfoReplicator-0] com.netflix.discovery.DiscoveryClient    : DiscoveryClient_ALBUMS-WS/albums-ws:1c0e4e4e0a8779bd85ca4baaa1371d0c: registering service...
2019-10-25 13:03:28.199  INFO 19052 --- [restartedMain] c.a.p.a.a.PhotoAppApiAlbumsApplication   : Started PhotoAppApiAlbumsApplication in 5.308 seconds (JVM running for 6.46)
2019-10-25 13:03:28.234  INFO 19052 --- [DiscoveryClient-InstanceInfoReplicator-0] com.netflix.discovery.DiscoveryClient    : DiscoveryClient_ALBUMS-WS/albums-ws:1c0e4e4e0a8779bd85ca4baaa1371d0c - registration status: 204
2019-10-25 13:03:28.557  INFO 19052 --- [RMI TCP Connection(1)-10.23.22.118] o.a.c.c.C.[Tomcat].[localhost].[/]       : Initializing Spring DispatcherServlet 'dispatcherServlet'
2019-10-25 13:03:28.558  INFO 19052 --- [RMI TCP Connection(1)-10.23.22.118] o.s.web.servlet.DispatcherServlet        : Initializing Servlet 'dispatcherServlet'
2019-10-25 13:03:28.565  INFO 19052 --- [RMI TCP Connection(1)-10.23.22.118] o.s.web.servlet.DispatcherServlet        : Completed initialization in 7 ms
2019-10-25 13:08:28.061  INFO 19052 --- [AsyncResolver-bootstrap-executor-0] c.n.d.s.r.aws.ConfigClusterResolver      : Resolving eureka endpoints via configuration
2019-10-25 13:14:24.014  INFO 12728 --- [restartedMain] c.a.p.a.a.PhotoAppApiAlbumsApplication   : No active profile set, falling back to default profiles: default
2019-10-25 13:14:24.810  WARN 12728 --- [restartedMain] o.s.boot.actuate.endpoint.EndpointId     : Endpoint ID 'service-registry' contains invalid characters, please migrate to a valid format.
2019-10-25 13:14:24.969  INFO 12728 --- [restartedMain] o.s.cloud.context.scope.GenericScope     : BeanFactory id=fce5687c-8caa-3de7-86f9-d6b89e9c58f8
2019-10-25 13:14:25.036  INFO 12728 --- [restartedMain] trationDelegate$BeanPostProcessorChecker : Bean 'org.springframework.cloud.autoconfigure.ConfigurationPropertiesRebinderAutoConfiguration' of type [org.springframework.cloud.autoconfigure.ConfigurationPropertiesRebinderAutoConfiguration$$EnhancerBySpringCGLIB$$dfcf8c28] is not eligible for getting processed by all BeanPostProcessors (for example: not eligible for auto-proxying)
2019-10-25 13:14:25.660  INFO 12728 --- [restartedMain] o.s.b.w.embedded.tomcat.TomcatWebServer  : Tomcat initialized with port(s): 0 (http)
2019-10-25 13:14:25.684  INFO 12728 --- [restartedMain] o.apache.catalina.core.StandardService   : Starting service [Tomcat]
2019-10-25 13:14:25.684  INFO 12728 --- [restartedMain] org.apache.catalina.core.StandardEngine  : Starting Servlet engine: [Apache Tomcat/9.0.14]
2019-10-25 13:14:25.693  INFO 12728 --- [restartedMain] o.a.catalina.core.AprLifecycleListener   : The APR based Apache Tomcat Native library which allows optimal performance in production environments was not found on the java.library.path: [C:\Users\vallep\AppData\Local\JetBrains\Toolbox\apps\IDEA-U\ch-0\192.6817.14\jbr\bin;C:\WINDOWS\Sun\Java\bin;C:\WINDOWS\system32;C:\WINDOWS;C:\Program Files (x86)\Intel\Intel(R) Management Engine Components\iCLS\;C:\Program Files\Intel\Intel(R) Management Engine Components\iCLS\;C:\windows\system32;C:\windows;C:\windows\System32\Wbem;C:\windows\System32\WindowsPowerShell\v1.0\;C:\Program Files (x86)\NVIDIA Corporation\PhysX\Common;C:\WINDOWS\system32;C:\WINDOWS;C:\WINDOWS\System32\Wbem;C:\WINDOWS\System32\WindowsPowerShell\v1.0\;C:\Program Files\Git\cmd;C:\Program Files\MySQL\MySQL Server 5.7\bin;C:\WINDOWS\System32\OpenSSH\;C:\Program Files (x86)\Intel\Intel(R) Management Engine Components\DAL;C:\Program Files\Intel\Intel(R) Management Engine Components\DAL;C:\Program Files (x86)\Intel\Intel(R) Management Engine Components\IPT;C:\Program Files\Intel\Intel(R) Management Engine Components\IPT;C:\Python37-32\Scripts;C:\nodejs-10-15\;C:\Program Files\Intel\WiFi\bin\;C:\Program Files\Common Files\Intel\WirelessCommon\;C:\Users\vallep\AppData\Local\Microsoft\WindowsApps;C:\Program Files\Intel\WiFi\bin\;C:\Program Files\Common Files\Intel\WirelessCommon\;C:\Program Files\JetBrains\DataGrip 2018.3\bin;;C:\Users\vallep\AppData\Roaming\npm;;.]
2019-10-25 13:14:25.889  INFO 12728 --- [restartedMain] o.a.c.c.C.[Tomcat].[localhost].[/]       : Initializing Spring embedded WebApplicationContext
2019-10-25 13:14:25.889  INFO 12728 --- [restartedMain] o.s.web.context.ContextLoader            : Root WebApplicationContext: initialization completed in 1864 ms
2019-10-25 13:14:25.976  WARN 12728 --- [restartedMain] c.n.c.sources.URLConfigurationSource     : No URLs will be polled as dynamic configuration sources.
2019-10-25 13:14:25.976  INFO 12728 --- [restartedMain] c.n.c.sources.URLConfigurationSource     : To enable URLs as dynamic configuration sources, define System property archaius.configurationSource.additionalUrls or make config.properties available on classpath.
2019-10-25 13:14:25.983  INFO 12728 --- [restartedMain] c.netflix.config.DynamicPropertyFactory  : DynamicPropertyFactory is initialized with configuration sources: com.netflix.config.ConcurrentCompositeConfiguration@43403727
2019-10-25 13:14:26.560  WARN 12728 --- [restartedMain] c.n.c.sources.URLConfigurationSource     : No URLs will be polled as dynamic configuration sources.
2019-10-25 13:14:26.560  INFO 12728 --- [restartedMain] c.n.c.sources.URLConfigurationSource     : To enable URLs as dynamic configuration sources, define System property archaius.configurationSource.additionalUrls or make config.properties available on classpath.
2019-10-25 13:14:26.734  INFO 12728 --- [restartedMain] o.s.s.concurrent.ThreadPoolTaskExecutor  : Initializing ExecutorService 'applicationTaskExecutor'
2019-10-25 13:14:26.954  WARN 12728 --- [restartedMain] o.s.b.d.a.OptionalLiveReloadServer       : Unable to start LiveReload server
2019-10-25 13:14:27.263  INFO 12728 --- [restartedMain] o.s.b.a.e.web.EndpointLinksResolver      : Exposing 2 endpoint(s) beneath base path '/actuator'
2019-10-25 13:14:27.383  INFO 12728 --- [restartedMain] o.s.b.w.embedded.tomcat.TomcatWebServer  : Tomcat started on port(s): 61448 (http) with context path ''
2019-10-25 13:14:27.384  INFO 12728 --- [restartedMain] .s.c.n.e.s.EurekaAutoServiceRegistration : Updating port to 61448
2019-10-25 13:14:27.390  INFO 12728 --- [restartedMain] o.s.c.n.eureka.InstanceInfoFactory       : Setting initial instance status as: STARTING
2019-10-25 13:14:27.422  INFO 12728 --- [restartedMain] com.netflix.discovery.DiscoveryClient    : Initializing Eureka in region us-east-1
2019-10-25 13:14:27.579  INFO 12728 --- [restartedMain] c.n.d.provider.DiscoveryJerseyProvider   : Using JSON encoding codec LegacyJacksonJson
2019-10-25 13:14:27.579  INFO 12728 --- [restartedMain] c.n.d.provider.DiscoveryJerseyProvider   : Using JSON decoding codec LegacyJacksonJson
2019-10-25 13:14:27.720  INFO 12728 --- [restartedMain] c.n.d.provider.DiscoveryJerseyProvider   : Using XML encoding codec XStreamXml
2019-10-25 13:14:27.720  INFO 12728 --- [restartedMain] c.n.d.provider.DiscoveryJerseyProvider   : Using XML decoding codec XStreamXml
2019-10-25 13:14:27.887  INFO 12728 --- [restartedMain] c.n.d.s.r.aws.ConfigClusterResolver      : Resolving eureka endpoints via configuration
2019-10-25 13:14:28.074  INFO 12728 --- [restartedMain] com.netflix.discovery.DiscoveryClient    : Disable delta property : false
2019-10-25 13:14:28.074  INFO 12728 --- [restartedMain] com.netflix.discovery.DiscoveryClient    : Single vip registry refresh property : null
2019-10-25 13:14:28.075  INFO 12728 --- [restartedMain] com.netflix.discovery.DiscoveryClient    : Force full registry fetch : false
2019-10-25 13:14:28.075  INFO 12728 --- [restartedMain] com.netflix.discovery.DiscoveryClient    : Application is null : false
2019-10-25 13:14:28.075  INFO 12728 --- [restartedMain] com.netflix.discovery.DiscoveryClient    : Registered Applications size is zero : true
2019-10-25 13:14:28.075  INFO 12728 --- [restartedMain] com.netflix.discovery.DiscoveryClient    : Application version is -1: true
2019-10-25 13:14:28.076  INFO 12728 --- [restartedMain] com.netflix.discovery.DiscoveryClient    : Getting all instance registry info from the eureka server
2019-10-25 13:14:28.178  INFO 12728 --- [restartedMain] com.netflix.discovery.DiscoveryClient    : The response status is 200
2019-10-25 13:14:28.183  INFO 12728 --- [restartedMain] com.netflix.discovery.DiscoveryClient    : Starting heartbeat executor: renew interval is: 30
2019-10-25 13:14:28.186  INFO 12728 --- [restartedMain] c.n.discovery.InstanceInfoReplicator     : InstanceInfoReplicator onDemand update allowed rate per min is 4
2019-10-25 13:14:28.190  INFO 12728 --- [restartedMain] com.netflix.discovery.DiscoveryClient    : Discovery Client initialized at timestamp 1572005668188 with initial instances count: 0
2019-10-25 13:14:28.191  INFO 12728 --- [restartedMain] o.s.c.n.e.s.EurekaServiceRegistry        : Registering application ALBUMS-WS with eureka with status UP
2019-10-25 13:14:28.192  INFO 12728 --- [restartedMain] com.netflix.discovery.DiscoveryClient    : Saw local status change event StatusChangeEvent [timestamp=1572005668192, current=UP, previous=STARTING]
2019-10-25 13:14:28.195  INFO 12728 --- [DiscoveryClient-InstanceInfoReplicator-0] com.netflix.discovery.DiscoveryClient    : DiscoveryClient_ALBUMS-WS/albums-ws:d6a077810899d64db902dd0500ee532c: registering service...
2019-10-25 13:14:28.199  INFO 12728 --- [restartedMain] c.a.p.a.a.PhotoAppApiAlbumsApplication   : Started PhotoAppApiAlbumsApplication in 5.721 seconds (JVM running for 7.095)
2019-10-25 13:14:28.255  INFO 12728 --- [DiscoveryClient-InstanceInfoReplicator-0] com.netflix.discovery.DiscoveryClient    : DiscoveryClient_ALBUMS-WS/albums-ws:d6a077810899d64db902dd0500ee532c - registration status: 204
2019-10-25 13:14:28.666  INFO 12728 --- [RMI TCP Connection(3)-10.23.22.118] o.a.c.c.C.[Tomcat].[localhost].[/]       : Initializing Spring DispatcherServlet 'dispatcherServlet'
2019-10-25 13:14:28.666  INFO 12728 --- [RMI TCP Connection(3)-10.23.22.118] o.s.web.servlet.DispatcherServlet        : Initializing Servlet 'dispatcherServlet'
2019-10-25 13:14:28.674  INFO 12728 --- [RMI TCP Connection(3)-10.23.22.118] o.s.web.servlet.DispatcherServlet        : Completed initialization in 8 ms
2019-10-25 13:14:58.184  INFO 12728 --- [DiscoveryClient-CacheRefreshExecutor-0] com.netflix.discovery.DiscoveryClient    : Disable delta property : false
2019-10-25 13:14:58.185  INFO 12728 --- [DiscoveryClient-CacheRefreshExecutor-0] com.netflix.discovery.DiscoveryClient    : Single vip registry refresh property : null
2019-10-25 13:14:58.187  INFO 12728 --- [DiscoveryClient-CacheRefreshExecutor-0] com.netflix.discovery.DiscoveryClient    : Force full registry fetch : false
2019-10-25 13:14:58.187  INFO 12728 --- [DiscoveryClient-CacheRefreshExecutor-0] com.netflix.discovery.DiscoveryClient    : Application is null : false
2019-10-25 13:14:58.187  INFO 12728 --- [DiscoveryClient-CacheRefreshExecutor-0] com.netflix.discovery.DiscoveryClient    : Registered Applications size is zero : true
2019-10-25 13:14:58.187  INFO 12728 --- [DiscoveryClient-CacheRefreshExecutor-0] com.netflix.discovery.DiscoveryClient    : Application version is -1: false
2019-10-25 13:14:58.188  INFO 12728 --- [DiscoveryClient-CacheRefreshExecutor-0] com.netflix.discovery.DiscoveryClient    : Getting all instance registry info from the eureka server
2019-10-25 13:14:58.260  INFO 12728 --- [DiscoveryClient-CacheRefreshExecutor-0] com.netflix.discovery.DiscoveryClient    : The response status is 200
2019-10-25 13:20:41.486  INFO 2212 --- [restartedMain] c.a.p.a.a.PhotoAppApiAlbumsApplication   : No active profile set, falling back to default profiles: default
2019-10-25 13:20:42.367  WARN 2212 --- [restartedMain] o.s.boot.actuate.endpoint.EndpointId     : Endpoint ID 'service-registry' contains invalid characters, please migrate to a valid format.
2019-10-25 13:20:42.510  INFO 2212 --- [restartedMain] o.s.cloud.context.scope.GenericScope     : BeanFactory id=fce5687c-8caa-3de7-86f9-d6b89e9c58f8
2019-10-25 13:20:42.580  INFO 2212 --- [restartedMain] trationDelegate$BeanPostProcessorChecker : Bean 'org.springframework.cloud.autoconfigure.ConfigurationPropertiesRebinderAutoConfiguration' of type [org.springframework.cloud.autoconfigure.ConfigurationPropertiesRebinderAutoConfiguration$$EnhancerBySpringCGLIB$$828dfc38] is not eligible for getting processed by all BeanPostProcessors (for example: not eligible for auto-proxying)
2019-10-25 13:20:43.085  INFO 2212 --- [restartedMain] o.s.b.w.embedded.tomcat.TomcatWebServer  : Tomcat initialized with port(s): 0 (http)
2019-10-25 13:20:43.109  INFO 2212 --- [restartedMain] o.apache.catalina.core.StandardService   : Starting service [Tomcat]
2019-10-25 13:20:43.109  INFO 2212 --- [restartedMain] org.apache.catalina.core.StandardEngine  : Starting Servlet engine: [Apache Tomcat/9.0.14]
2019-10-25 13:20:43.117  INFO 2212 --- [restartedMain] o.a.catalina.core.AprLifecycleListener   : The APR based Apache Tomcat Native library which allows optimal performance in production environments was not found on the java.library.path: [C:\Users\vallep\AppData\Local\JetBrains\Toolbox\apps\IDEA-U\ch-0\192.6817.14\jbr\bin;C:\WINDOWS\Sun\Java\bin;C:\WINDOWS\system32;C:\WINDOWS;C:\Program Files (x86)\Intel\Intel(R) Management Engine Components\iCLS\;C:\Program Files\Intel\Intel(R) Management Engine Components\iCLS\;C:\windows\system32;C:\windows;C:\windows\System32\Wbem;C:\windows\System32\WindowsPowerShell\v1.0\;C:\Program Files (x86)\NVIDIA Corporation\PhysX\Common;C:\WINDOWS\system32;C:\WINDOWS;C:\WINDOWS\System32\Wbem;C:\WINDOWS\System32\WindowsPowerShell\v1.0\;C:\Program Files\Git\cmd;C:\Program Files\MySQL\MySQL Server 5.7\bin;C:\WINDOWS\System32\OpenSSH\;C:\Program Files (x86)\Intel\Intel(R) Management Engine Components\DAL;C:\Program Files\Intel\Intel(R) Management Engine Components\DAL;C:\Program Files (x86)\Intel\Intel(R) Management Engine Components\IPT;C:\Program Files\Intel\Intel(R) Management Engine Components\IPT;C:\Python37-32\Scripts;C:\nodejs-10-15\;C:\Program Files\Intel\WiFi\bin\;C:\Program Files\Common Files\Intel\WirelessCommon\;C:\Users\vallep\AppData\Local\Microsoft\WindowsApps;C:\Program Files\Intel\WiFi\bin\;C:\Program Files\Common Files\Intel\WirelessCommon\;C:\Program Files\JetBrains\DataGrip 2018.3\bin;;C:\Users\vallep\AppData\Roaming\npm;;.]
2019-10-25 13:20:43.247  INFO 2212 --- [restartedMain] o.a.c.c.C.[Tomcat].[localhost].[/]       : Initializing Spring embedded WebApplicationContext
2019-10-25 13:20:43.247  INFO 2212 --- [restartedMain] o.s.web.context.ContextLoader            : Root WebApplicationContext: initialization completed in 1747 ms
2019-10-25 13:20:43.321  WARN 2212 --- [restartedMain] c.n.c.sources.URLConfigurationSource     : No URLs will be polled as dynamic configuration sources.
2019-10-25 13:20:43.321  INFO 2212 --- [restartedMain] c.n.c.sources.URLConfigurationSource     : To enable URLs as dynamic configuration sources, define System property archaius.configurationSource.additionalUrls or make config.properties available on classpath.
2019-10-25 13:20:43.328  INFO 2212 --- [restartedMain] c.netflix.config.DynamicPropertyFactory  : DynamicPropertyFactory is initialized with configuration sources: com.netflix.config.ConcurrentCompositeConfiguration@5cd43ad0
2019-10-25 13:20:43.910  WARN 2212 --- [restartedMain] c.n.c.sources.URLConfigurationSource     : No URLs will be polled as dynamic configuration sources.
2019-10-25 13:20:43.910  INFO 2212 --- [restartedMain] c.n.c.sources.URLConfigurationSource     : To enable URLs as dynamic configuration sources, define System property archaius.configurationSource.additionalUrls or make config.properties available on classpath.
2019-10-25 13:20:44.111  INFO 2212 --- [restartedMain] o.s.s.concurrent.ThreadPoolTaskExecutor  : Initializing ExecutorService 'applicationTaskExecutor'
2019-10-25 13:20:44.391  WARN 2212 --- [restartedMain] o.s.b.d.a.OptionalLiveReloadServer       : Unable to start LiveReload server
2019-10-25 13:20:44.717  INFO 2212 --- [restartedMain] o.s.b.a.e.web.EndpointLinksResolver      : Exposing 2 endpoint(s) beneath base path '/actuator'
2019-10-25 13:20:44.801  INFO 2212 --- [restartedMain] o.s.b.w.embedded.tomcat.TomcatWebServer  : Tomcat started on port(s): 61657 (http) with context path ''
2019-10-25 13:20:44.802  INFO 2212 --- [restartedMain] .s.c.n.e.s.EurekaAutoServiceRegistration : Updating port to 61657
2019-10-25 13:20:44.806  INFO 2212 --- [restartedMain] o.s.c.n.eureka.InstanceInfoFactory       : Setting initial instance status as: STARTING
2019-10-25 13:20:44.829  INFO 2212 --- [restartedMain] com.netflix.discovery.DiscoveryClient    : Initializing Eureka in region us-east-1
2019-10-25 13:20:44.948  INFO 2212 --- [restartedMain] c.n.d.provider.DiscoveryJerseyProvider   : Using JSON encoding codec LegacyJacksonJson
2019-10-25 13:20:44.948  INFO 2212 --- [restartedMain] c.n.d.provider.DiscoveryJerseyProvider   : Using JSON decoding codec LegacyJacksonJson
2019-10-25 13:20:45.077  INFO 2212 --- [restartedMain] c.n.d.provider.DiscoveryJerseyProvider   : Using XML encoding codec XStreamXml
2019-10-25 13:20:45.077  INFO 2212 --- [restartedMain] c.n.d.provider.DiscoveryJerseyProvider   : Using XML decoding codec XStreamXml
2019-10-25 13:20:45.181  INFO 2212 --- [restartedMain] c.n.d.s.r.aws.ConfigClusterResolver      : Resolving eureka endpoints via configuration
2019-10-25 13:20:45.360  INFO 2212 --- [restartedMain] com.netflix.discovery.DiscoveryClient    : Disable delta property : false
2019-10-25 13:20:45.360  INFO 2212 --- [restartedMain] com.netflix.discovery.DiscoveryClient    : Single vip registry refresh property : null
2019-10-25 13:20:45.363  INFO 2212 --- [restartedMain] com.netflix.discovery.DiscoveryClient    : Force full registry fetch : false
2019-10-25 13:20:45.363  INFO 2212 --- [restartedMain] com.netflix.discovery.DiscoveryClient    : Application is null : false
2019-10-25 13:20:45.363  INFO 2212 --- [restartedMain] com.netflix.discovery.DiscoveryClient    : Registered Applications size is zero : true
2019-10-25 13:20:45.363  INFO 2212 --- [restartedMain] com.netflix.discovery.DiscoveryClient    : Application version is -1: true
2019-10-25 13:20:45.363  INFO 2212 --- [restartedMain] com.netflix.discovery.DiscoveryClient    : Getting all instance registry info from the eureka server
2019-10-25 13:20:45.488  INFO 2212 --- [restartedMain] com.netflix.discovery.DiscoveryClient    : The response status is 200
2019-10-25 13:20:45.493  INFO 2212 --- [restartedMain] com.netflix.discovery.DiscoveryClient    : Starting heartbeat executor: renew interval is: 30
2019-10-25 13:20:45.494  INFO 2212 --- [restartedMain] c.n.discovery.InstanceInfoReplicator     : InstanceInfoReplicator onDemand update allowed rate per min is 4
2019-10-25 13:20:45.498  INFO 2212 --- [restartedMain] com.netflix.discovery.DiscoveryClient    : Discovery Client initialized at timestamp 1572006045497 with initial instances count: 1
2019-10-25 13:20:45.498  INFO 2212 --- [restartedMain] o.s.c.n.e.s.EurekaServiceRegistry        : Registering application ALBUMS-WS with eureka with status UP
2019-10-25 13:20:45.499  INFO 2212 --- [restartedMain] com.netflix.discovery.DiscoveryClient    : Saw local status change event StatusChangeEvent [timestamp=1572006045499, current=UP, previous=STARTING]
2019-10-25 13:20:45.501  INFO 2212 --- [DiscoveryClient-InstanceInfoReplicator-0] com.netflix.discovery.DiscoveryClient    : DiscoveryClient_ALBUMS-WS/albums-ws:26c3da15175d0fa76cc59a98648bdf24: registering service...
2019-10-25 13:20:45.504  INFO 2212 --- [restartedMain] c.a.p.a.a.PhotoAppApiAlbumsApplication   : Started PhotoAppApiAlbumsApplication in 6.051 seconds (JVM running for 7.333)
2019-10-25 13:20:45.530  INFO 2212 --- [DiscoveryClient-InstanceInfoReplicator-0] com.netflix.discovery.DiscoveryClient    : DiscoveryClient_ALBUMS-WS/albums-ws:26c3da15175d0fa76cc59a98648bdf24 - registration status: 204
2019-10-25 13:20:45.830  INFO 2212 --- [RMI TCP Connection(3)-10.23.22.118] o.a.c.c.C.[Tomcat].[localhost].[/]       : Initializing Spring DispatcherServlet 'dispatcherServlet'
2019-10-25 13:20:45.831  INFO 2212 --- [RMI TCP Connection(3)-10.23.22.118] o.s.web.servlet.DispatcherServlet        : Initializing Servlet 'dispatcherServlet'
2019-10-25 13:20:45.839  INFO 2212 --- [RMI TCP Connection(3)-10.23.22.118] o.s.web.servlet.DispatcherServlet        : Completed initialization in 8 ms
2019-10-25 13:22:43.066  INFO 2212 --- [http-nio-auto-1-exec-1] c.a.p.a.a.i.c.AlbumsController           : Returning 2 albums
2019-10-25 13:25:45.370  INFO 2212 --- [AsyncResolver-bootstrap-executor-0] c.n.d.s.r.aws.ConfigClusterResolver      : Resolving eureka endpoints via configuration
